<?xml version="1.0" encoding="UTF-8"?>
<robot generator="Robot 3.2.2 (Python 3.8.2 on win32)" generated="20210308 12:23:50.846" rpa="false">
<suite id="s1" name="Ticket-Revenda" source="C:\Projects\ScriptRobot\ticket-revenda.robot">
<test id="s1-t1" name="Abertura de ticket - REVENDA">
<kw name="Open Browser" library="Browser">
<tags>
<tag>BrowserControl</tag>
<tag>Setter</tag>
</tags>
<doc>Opens a new browser instance. Use this keyword for quick experiments or debugging sessions.
Use `New Page` directly instead of `Open Browser` for production and automated execution.
See `Browser, Context and Page` for more information about Browser and related concepts.</doc>
<arguments>
<arg>http://revenda.memocashweb.com/</arg>
<arg>chromium</arg>
</arguments>
<msg timestamp="20210308 12:23:52.251" level="WARN">Open Browser is for quick experimentation and debugging only. Use New Page for production.</msg>
<msg timestamp="20210308 12:23:52.253" level="INFO">{"browser": "chromium", "headless": false, "handleSIGINT": true, "handleSIGTERM": true, "handleSIGHUP": true, "timeout": 30000.0, "devtools": false, "slowMo": 0.0}</msg>
<msg timestamp="20210308 12:23:52.621" level="INFO">Successfully created browser with options: {"browser":"chromium","headless":false,"handleSIGINT":true,"handleSIGTERM":true,"handleSIGHUP":true,"timeout":30000,"devtools":false,"slowMo":0}</msg>
<msg timestamp="20210308 12:23:52.622" level="INFO">{"acceptDownloads": false, "ignoreHTTPSErrors": false, "bypassCSP": false, "deviceScaleFactor": 1.0, "isMobile": false, "hasTouch": false, "javaScriptEnabled": true, "offline": false, "hideRfBrowser": false}</msg>
<msg timestamp="20210308 12:23:52.652" level="INFO">Successfully created context with options: {"acceptDownloads":false,"ignoreHTTPSErrors":false,"bypassCSP":false,"deviceScaleFactor":1,"isMobile":false,"hasTouch":false,"javaScriptEnabled":true,"offline":false,"hideRfBrowser":false}</msg>
<msg timestamp="20210308 12:23:53.938" level="INFO">Successfully initialized new page object and opened url: http://revenda.memocashweb.com/</msg>
<status status="PASS" starttime="20210308 12:23:52.251" endtime="20210308 12:23:53.938"></status>
</kw>
<kw name="Fill Text" library="Browser">
<tags>
<tag>PageContent</tag>
<tag>Setter</tag>
</tags>
<doc>Clears and fills the given ``text`` into the text field found by ``selector``.</doc>
<arguments>
<arg>css=#Cliente</arg>
<arg>${ID_REVENDA}</arg>
</arguments>
<msg timestamp="20210308 12:23:53.939" level="INFO">Fills the text '1' in the given field.</msg>
<status status="PASS" starttime="20210308 12:23:53.939" endtime="20210308 12:23:53.991"></status>
</kw>
<kw name="Fill Text" library="Browser">
<tags>
<tag>PageContent</tag>
<tag>Setter</tag>
</tags>
<doc>Clears and fills the given ``text`` into the text field found by ``selector``.</doc>
<arguments>
<arg>css=#Usuario</arg>
<arg>${USER}</arg>
</arguments>
<msg timestamp="20210308 12:23:53.992" level="INFO">Fills the text 'victor' in the given field.</msg>
<status status="PASS" starttime="20210308 12:23:53.992" endtime="20210308 12:23:54.024"></status>
</kw>
<kw name="Fill Text" library="Browser">
<tags>
<tag>PageContent</tag>
<tag>Setter</tag>
</tags>
<doc>Clears and fills the given ``text`` into the text field found by ``selector``.</doc>
<arguments>
<arg>css=#Senha</arg>
<arg>${SENHA}</arg>
</arguments>
<msg timestamp="20210308 12:23:54.025" level="INFO">Fills the text 'fuego' in the given field.</msg>
<status status="PASS" starttime="20210308 12:23:54.024" endtime="20210308 12:23:54.045"></status>
</kw>
<kw name="Click" library="Browser">
<tags>
<tag>PageContent</tag>
<tag>Setter</tag>
</tags>
<doc>Simulates mouse click on the element found by ``selector``.</doc>
<arguments>
<arg>css=button[id=Login]</arg>
</arguments>
<status status="PASS" starttime="20210308 12:23:54.045" endtime="20210308 12:23:54.105"></status>
</kw>
<kw name="Wait For Elements State" library="Browser">
<tags>
<tag>PageContent</tag>
<tag>Wait</tag>
</tags>
<doc>Waits for the element found by ``selector`` to satisfy state option.</doc>
<arguments>
<arg>css=#Carregando</arg>
<arg>visible</arg>
<arg>10</arg>
</arguments>
<msg timestamp="20210308 12:23:54.293" level="INFO">Wait for Element with selector: css=#Carregando</msg>
<status status="PASS" starttime="20210308 12:23:54.106" endtime="20210308 12:23:54.294"></status>
</kw>
<kw name="Click" library="Browser">
<tags>
<tag>PageContent</tag>
<tag>Setter</tag>
</tags>
<doc>Simulates mouse click on the element found by ``selector``.</doc>
<arguments>
<arg>xpath=//*[@id="navbar_esquerda"]/ul/li[4]/a</arg>
</arguments>
<status status="PASS" starttime="20210308 12:23:54.294" endtime="20210308 12:23:56.167"></status>
</kw>
<kw name="Wait For Elements State" library="Browser">
<tags>
<tag>PageContent</tag>
<tag>Wait</tag>
</tags>
<doc>Waits for the element found by ``selector`` to satisfy state option.</doc>
<arguments>
<arg>css=#listaTickets</arg>
<arg>visible</arg>
<arg>10</arg>
</arguments>
<msg timestamp="20210308 12:23:56.184" level="INFO">Wait for Element with selector: css=#listaTickets</msg>
<status status="PASS" starttime="20210308 12:23:56.168" endtime="20210308 12:23:56.185"></status>
</kw>
<kw name="Click" library="Browser">
<tags>
<tag>PageContent</tag>
<tag>Setter</tag>
</tags>
<doc>Simulates mouse click on the element found by ``selector``.</doc>
<arguments>
<arg>css=#TicketNovo</arg>
</arguments>
<status status="PASS" starttime="20210308 12:23:56.186" endtime="20210308 12:23:56.267"></status>
</kw>
<kw name="Wait For Elements State" library="Browser">
<tags>
<tag>PageContent</tag>
<tag>Wait</tag>
</tags>
<doc>Waits for the element found by ``selector`` to satisfy state option.</doc>
<arguments>
<arg>css=div[class=jconfirm-scrollpane]</arg>
<arg>visible</arg>
<arg>10</arg>
</arguments>
<msg timestamp="20210308 12:23:56.305" level="INFO">Wait for Element with selector: css=div[class=jconfirm-scrollpane]</msg>
<status status="PASS" starttime="20210308 12:23:56.268" endtime="20210308 12:23:56.308"></status>
</kw>
<kw name="Click" library="Browser">
<tags>
<tag>PageContent</tag>
<tag>Setter</tag>
</tags>
<doc>Simulates mouse click on the element found by ``selector``.</doc>
<arguments>
<arg>css=#select2-CadastroTicketCliente-container</arg>
</arguments>
<status status="PASS" starttime="20210308 12:23:56.309" endtime="20210308 12:23:58.452"></status>
</kw>
<kw name="Fill Text" library="Browser">
<tags>
<tag>PageContent</tag>
<tag>Setter</tag>
</tags>
<doc>Clears and fills the given ``text`` into the text field found by ``selector``.</doc>
<arguments>
<arg>css=input[class=select2-search__field]</arg>
<arg>${id_cliente}</arg>
</arguments>
<msg timestamp="20210308 12:23:58.506" level="INFO">Fills the text '5' in the given field.</msg>
<status status="PASS" starttime="20210308 12:23:58.505" endtime="20210308 12:23:58.736"></status>
</kw>
<kw name="Click" library="Browser">
<tags>
<tag>PageContent</tag>
<tag>Setter</tag>
</tags>
<doc>Simulates mouse click on the element found by ``selector``.</doc>
<arguments>
<arg>css=.select2-results .select2-results__options li[id$="-${id_cliente}"]</arg>
</arguments>
<status status="PASS" starttime="20210308 12:23:58.736" endtime="20210308 12:23:59.093"></status>
</kw>
<kw name="Sleep" library="BuiltIn">
<doc>Pauses the test executed for the given time.</doc>
<arguments>
<arg>100</arg>
</arguments>
<status status="FAIL" starttime="20210308 12:23:59.094" endtime="20210308 12:24:07.970"></status>
</kw>
<status status="FAIL" starttime="20210308 12:23:52.246" endtime="20210308 12:24:07.971" critical="yes">Execution terminated by signal</status>
</test>
<doc>Cadastro de ticket - REVENDA</doc>
<status status="FAIL" starttime="20210308 12:23:50.848" endtime="20210308 12:24:08.017"></status>
</suite>
<statistics>
<total>
<stat pass="0" fail="1">Critical Tests</stat>
<stat pass="0" fail="1">All Tests</stat>
</total>
<tag>
</tag>
<suite>
<stat pass="0" fail="1" id="s1" name="Ticket-Revenda">Ticket-Revenda</stat>
</suite>
</statistics>
<errors>
<msg timestamp="20210308 12:23:52.251" level="WARN">Open Browser is for quick experimentation and debugging only. Use New Page for production.</msg>
</errors>
</robot>
